This file contains any messages produced by compilers while
running configure, to aid debugging if configure makes a mistake.

It was created by libnl configure 1.1.4, which was
generated by GNU Autoconf 2.68.  Invocation command line was

  $ ./configure 

## --------- ##
## Platform. ##
## --------- ##

hostname = SHZ-P0000307A1
uname -m = x86_64
uname -r = 4.4.0-18362-Microsoft
uname -s = Linux
uname -v = #1-Microsoft Mon Mar 18 12:02:00 PST 2019

/usr/bin/uname -p = unknown
/bin/uname -X     = unknown

/bin/arch              = unknown
/usr/bin/arch -k       = unknown
/usr/convex/getsysinfo = unknown
/usr/bin/hostinfo      = unknown
/bin/machine           = unknown
/usr/bin/oslevel       = unknown
/bin/universe          = unknown

PATH: /usr/local/sbin
PATH: /usr/local/bin
PATH: /usr/sbin
PATH: /usr/bin
PATH: /sbin
PATH: /bin
PATH: /usr/games
PATH: /usr/local/games
PATH: /mnt/d/Program Files/xshell/
PATH: /mnt/c/WINDOWS/system32
PATH: /mnt/c/WINDOWS
PATH: /mnt/c/WINDOWS/System32/Wbem
PATH: /mnt/c/WINDOWS/System32/WindowsPowerShell/v1.0/
PATH: /mnt/c/WINDOWS/System32/OpenSSH/
PATH: /mnt/c/Program Files/TortoiseSVN/bin
PATH: /mnt/d/Program Files/vscode/Microsoft VS Code/bin
PATH: /mnt/c/Users/g562155/AppData/Local/Programs/Python/Python37/Scripts/
PATH: /mnt/c/Users/g562155/AppData/Local/Programs/Python/Python37/
PATH: /mnt/c/Users/g562155/AppData/Local/Microsoft/WindowsApps
PATH: /snap/bin


## ----------- ##
## Core tests. ##
## ----------- ##

configure:1825: checking for gcc
configure:1841: found /usr/bin/gcc
configure:1852: result: gcc
configure:2081: checking for C compiler version
configure:2090: gcc --version >&5
gcc (Ubuntu 7.4.0-1ubuntu1~18.04.1) 7.4.0
Copyright (C) 2017 Free Software Foundation, Inc.
This is free software; see the source for copying conditions.  There is NO
warranty; not even for MERCHANTABILITY or FITNESS FOR A PARTICULAR PURPOSE.

configure:2101: $? = 0
configure:2090: gcc -v >&5
Using built-in specs.
COLLECT_GCC=gcc
COLLECT_LTO_WRAPPER=/usr/lib/gcc/x86_64-linux-gnu/7/lto-wrapper
OFFLOAD_TARGET_NAMES=nvptx-none
OFFLOAD_TARGET_DEFAULT=1
Target: x86_64-linux-gnu
Configured with: ../src/configure -v --with-pkgversion='Ubuntu 7.4.0-1ubuntu1~18.04.1' --with-bugurl=file:///usr/share/doc/gcc-7/README.Bugs --enable-languages=c,ada,c++,go,brig,d,fortran,objc,obj-c++ --prefix=/usr --with-gcc-major-version-only --program-suffix=-7 --program-prefix=x86_64-linux-gnu- --enable-shared --enable-linker-build-id --libexecdir=/usr/lib --without-included-gettext --enable-threads=posix --libdir=/usr/lib --enable-nls --with-sysroot=/ --enable-clocale=gnu --enable-libstdcxx-debug --enable-libstdcxx-time=yes --with-default-libstdcxx-abi=new --enable-gnu-unique-object --disable-vtable-verify --enable-libmpx --enable-plugin --enable-default-pie --with-system-zlib --with-target-system-zlib --enable-objc-gc=auto --enable-multiarch --disable-werror --with-arch-32=i686 --with-abi=m64 --with-multilib-list=m32,m64,mx32 --enable-multilib --with-tune=generic --enable-offload-targets=nvptx-none --without-cuda-driver --enable-checking=release --build=x86_64-linux-gnu --host=x86_64-linux-gnu --target=x86_64-linux-gnu
Thread model: posix
gcc version 7.4.0 (Ubuntu 7.4.0-1ubuntu1~18.04.1) 
configure:2101: $? = 0
configure:2090: gcc -V >&5
gcc: error: unrecognized command line option '-V'
gcc: fatal error: no input files
compilation terminated.
configure:2101: $? = 1
configure:2090: gcc -qversion >&5
gcc: error: unrecognized command line option '-qversion'; did you mean '--version'?
gcc: fatal error: no input files
compilation terminated.
configure:2101: $? = 1
configure:2121: checking whether the C compiler works
configure:2143: gcc    conftest.c  >&5
configure:2147: $? = 0
configure:2195: result: yes
configure:2198: checking for C compiler default output file name
configure:2200: result: a.out
configure:2206: checking for suffix of executables
configure:2213: gcc -o conftest    conftest.c  >&5
configure:2217: $? = 0
configure:2239: result: 
configure:2261: checking whether we are cross compiling
configure:2269: gcc -o conftest    conftest.c  >&5
configure:2273: $? = 0
configure:2280: ./conftest
configure:2284: $? = 0
configure:2299: result: no
configure:2304: checking for suffix of object files
configure:2326: gcc -c   conftest.c >&5
configure:2330: $? = 0
configure:2351: result: o
configure:2355: checking whether we are using the GNU C compiler
configure:2374: gcc -c   conftest.c >&5
configure:2374: $? = 0
configure:2383: result: yes
configure:2392: checking whether gcc accepts -g
configure:2412: gcc -c -g  conftest.c >&5
configure:2412: $? = 0
configure:2453: result: yes
configure:2470: checking for gcc option to accept ISO C89
configure:2534: gcc  -c -g -O2  conftest.c >&5
configure:2534: $? = 0
configure:2547: result: none needed
configure:2610: checking for a BSD-compatible install
configure:2678: result: /usr/bin/install -c
configure:2691: checking for an ANSI C-conforming const
configure:2756: gcc -c -g -O2  conftest.c >&5
configure:2756: $? = 0
configure:2763: result: yes
configure:2771: checking for inline
configure:2787: gcc -c -g -O2  conftest.c >&5
configure:2787: $? = 0
configure:2795: result: inline
configure:2820: checking for pow in -lm
configure:2845: gcc -o conftest -g -O2   conftest.c -lm   >&5
conftest.c:16:6: warning: conflicting types for built-in function 'pow' [-Wbuiltin-declaration-mismatch]
 char pow ();
      ^~~
configure:2845: $? = 0
configure:2854: result: yes
configure:2904: checking for pthread_mutex_lock in -lpthread
configure:2929: gcc -o conftest -g -O2   conftest.c -lpthread   >&5
configure:2929: $? = 0
configure:2938: result: yes
configure:3077: creating ./config.status

## ---------------------- ##
## Running config.status. ##
## ---------------------- ##

This file was extended by libnl config.status 1.1.4, which was
generated by GNU Autoconf 2.68.  Invocation command line was

  CONFIG_FILES    = 
  CONFIG_HEADERS  = 
  CONFIG_LINKS    = 
  CONFIG_COMMANDS = 
  $ ./config.status 

on SHZ-P0000307A1

config.status:803: creating Makefile.opts
config.status:906: WARNING:  'Makefile.opts.in' seems to ignore the --datarootdir setting
config.status:803: creating libnl-1.pc
config.status:803: creating doc/Doxyfile
config.status:803: creating lib/defs.h
config.status:978: lib/defs.h is unchanged

## ---------------- ##
## Cache variables. ##
## ---------------- ##

ac_cv_c_compiler_gnu=yes
ac_cv_c_const=yes
ac_cv_c_inline=inline
ac_cv_env_CC_set=
ac_cv_env_CC_value=
ac_cv_env_CFLAGS_set=
ac_cv_env_CFLAGS_value=
ac_cv_env_CPPFLAGS_set=
ac_cv_env_CPPFLAGS_value=
ac_cv_env_LDFLAGS_set=
ac_cv_env_LDFLAGS_value=
ac_cv_env_LIBS_set=
ac_cv_env_LIBS_value=
ac_cv_env_build_alias_set=
ac_cv_env_build_alias_value=
ac_cv_env_host_alias_set=
ac_cv_env_host_alias_value=
ac_cv_env_target_alias_set=
ac_cv_env_target_alias_value=
ac_cv_lib_m_pow=yes
ac_cv_lib_pthread_pthread_mutex_lock=yes
ac_cv_objext=o
ac_cv_path_install='/usr/bin/install -c'
ac_cv_prog_ac_ct_CC=gcc
ac_cv_prog_cc_c89=
ac_cv_prog_cc_g=yes

## ----------------- ##
## Output variables. ##
## ----------------- ##

CC='gcc'
CFLAGS='-g -O2'
CPPFLAGS=''
DEFS='-DHAVE_CONFIG_H'
ECHO_C=''
ECHO_N='-n'
ECHO_T=''
EXEEXT=''
INSTALL_DATA='${INSTALL} -m 644'
INSTALL_PROGRAM='${INSTALL}'
INSTALL_SCRIPT='${INSTALL}'
LDFLAGS=''
LIBNL_LIB='-lm -lpthread'
LIBOBJS=''
LIBS=''
LTLIBOBJS=''
OBJEXT='o'
PACKAGE_BUGREPORT='tgraf@suug.ch'
PACKAGE_NAME='libnl'
PACKAGE_STRING='libnl 1.1.4'
PACKAGE_TARNAME='libnl'
PACKAGE_URL=''
PACKAGE_VERSION='1.1.4'
PATH_SEPARATOR=':'
SHELL='/bin/bash'
ac_ct_CC='gcc'
bindir='${exec_prefix}/bin'
build_alias=''
datadir='${datarootdir}'
datarootdir='${prefix}/share'
docdir='${datarootdir}/doc/${PACKAGE_TARNAME}'
dvidir='${docdir}'
exec_prefix='${prefix}'
host_alias=''
htmldir='${docdir}'
includedir='${prefix}/include'
infodir='${datarootdir}/info'
libdir='${exec_prefix}/lib'
libexecdir='${exec_prefix}/libexec'
localedir='${datarootdir}/locale'
localstatedir='${prefix}/var'
mandir='${datarootdir}/man'
oldincludedir='/usr/include'
pdfdir='${docdir}'
prefix='/usr/local'
program_transform_name='s,x,x,'
psdir='${docdir}'
sbindir='${exec_prefix}/sbin'
sharedstatedir='${prefix}/com'
sysconfdir='${prefix}/etc'
target_alias=''

## ----------- ##
## confdefs.h. ##
## ----------- ##

/* confdefs.h */
#define PACKAGE_NAME "libnl"
#define PACKAGE_TARNAME "libnl"
#define PACKAGE_VERSION "1.1.4"
#define PACKAGE_STRING "libnl 1.1.4"
#define PACKAGE_BUGREPORT "tgraf@suug.ch"
#define PACKAGE_URL ""

configure: exit 0
